[0.048s] Invoking command in '/home/ngoc/Workspace/Graduation_Project/src/build/rviz2': /usr/bin/cmake --build /home/ngoc/Workspace/Graduation_Project/src/build/rviz2 -- -j8 -l8
[0.482s] -- Found ament_cmake: 1.3.10 (/opt/ros/humble/share/ament_cmake/cmake)
[0.482s] -- Found ament_lint_auto: 0.12.11 (/opt/ros/humble/share/ament_lint_auto/cmake)
[0.482s] -- Configuring incomplete, errors occurred!
[0.482s] See also "/home/ngoc/Workspace/Graduation_Project/src/build/rviz2/CMakeFiles/CMakeOutput.log".
[0.484s] Error parsing '/home/ngoc/Workspace/Graduation_Project/src/rviz2/package.xml':
[0.484s] Traceback (most recent call last):
[0.485s]   File "/opt/ros/humble/share/ament_cmake_core/cmake/core/package_xml_2_cmake.py", line 150, in <module>
[0.486s]     main()
[0.486s]   File "/opt/ros/humble/share/ament_cmake_core/cmake/core/package_xml_2_cmake.py", line 53, in main
[0.486s]     raise e
[0.486s]   File "/opt/ros/humble/share/ament_cmake_core/cmake/core/package_xml_2_cmake.py", line 49, in main
[0.486s]     package = parse_package_string(
[0.486s]   File "/usr/lib/python3/dist-packages/catkin_pkg/package.py", line 788, in parse_package_string
[0.486s]     pkg.validate(warnings=warnings)
[0.486s]   File "/usr/lib/python3/dist-packages/catkin_pkg/package.py", line 330, in validate
[0.487s]     raise InvalidPackage('\n'.join(errors), self.filename)
[0.487s] catkin_pkg.package.InvalidPackage: Error(s) in package '/home/ngoc/Workspace/Graduation_Project/src/rviz2/package.xml':
[0.487s] The package "rviz2" must not "exec_depend" on a package with the same name as this package
[0.487s] [31mCMake Error at /opt/ros/humble/share/ament_cmake_core/cmake/core/ament_package_xml.cmake:95 (message):
[0.487s]   execute_process(/usr/bin/python3
[0.487s]   /opt/ros/humble/share/ament_cmake_core/cmake/core/package_xml_2_cmake.py
[0.487s]   /home/ngoc/Workspace/Graduation_Project/src/rviz2/package.xml
[0.487s]   /home/ngoc/Workspace/Graduation_Project/src/build/rviz2/ament_cmake_core/package.cmake)
[0.487s]   returned error code 1
[0.488s] Call Stack (most recent call first):
[0.488s]   /opt/ros/humble/share/ament_cmake_core/cmake/core/ament_package_xml.cmake:49 (_ament_package_xml)
[0.489s]   /opt/ros/humble/share/ament_lint_auto/cmake/ament_lint_auto_find_test_dependencies.cmake:31 (ament_package_xml)
[0.489s]   CMakeLists.txt:28 (ament_lint_auto_find_test_dependencies)
[0.489s] 
[0.489s] [0m
[0.489s] gmake: *** [Makefile:226: cmake_check_build_system] Error 1
[0.495s] Invoked command in '/home/ngoc/Workspace/Graduation_Project/src/build/rviz2' returned '2': /usr/bin/cmake --build /home/ngoc/Workspace/Graduation_Project/src/build/rviz2 -- -j8 -l8
